Results for soybean.csv dataset
______________________________
|   k   |   m   |   Accuracy |
______________________________
|   0   |   0   |   N/A      |
|   0   |   1   |   84.55%   |
|   0   |   2   |   80.98%   |
|   0   |   3   |   78.31%   |
|   1   |   0   |   N/A      |
|   1   |   1   |   84.55%   |
|   1   |   2   |   81.43%   |
|   1   |   3   |   78.45%   |
|   2   |   0   |   N/A      |
|   2   |   1   |   84.99%   |
|   2   |   2   |   81.58%   |
|   2   |   3   |   78.90%   |
|   3   |   0   |   N/A      |
|   3   |   1   |   84.99%   |
|   3   |   2   |   81.87%   |
|   3   |   3   |   79.20%   |
