Iteration 0 :

1. y values of first 6 examples in ROWS
3380   15.8   20
1985   19.4   30
3365   15.5   20
1963   15.5   30
2472   14   20
1825   12.2   30
1940   14.5   30

Iteration 1 :

1. y values of first 6 examples in ROWS
2144   14.7   40
3693   11.5   20
2451   16.5   30
2490   15.7   30
3465   16.6   20
3150   15.7   20
1795   17.4   30

Iteration 2 :

1. y values of first 6 examples in ROWS
4294   16   10
4457   13.5   10
4295   14.9   20
4054   14.3   20
2035   22.2   30
2188   15.8   30
2375   17.5   30

Iteration 3 :

1. y values of first 6 examples in ROWS
2665   13.9   30
3086   10   10
2025   18.2   40
2525   16   30
4668   11.5   20
1845   15.3   30
4376   15   10

Iteration 4 :

1. y values of first 6 examples in ROWS
2130   24.6   40
4951   11   10
2745   16.7   20
1800   14.4   40
2640   18.6   30
2511   18   20
2003   19   30

Iteration 5 :

1. y values of first 6 examples in ROWS
2620   14.4   30
4077   14   10
4080   13.7   20
5140   12   10
3445   13.4   20
2265   18.2   30
3820   16.7   20

Iteration 6 :

1. y values of first 6 examples in ROWS
1825   12.2   30
2933   14.5   20
2560   14.2   30
2046   19   30
2000   16   30
3605   15   20
2125   17.3   40

Iteration 7 :

1. y values of first 6 examples in ROWS
3336   17   20
3329   15.5   20
2905   14.3   20
4237   14.5   10
2635   16.4   30
3233   15.4   20
2223   16.5   30

Iteration 8 :

1. y values of first 6 examples in ROWS
2135   16.6   30
3892   12.5   20
2560   14.2   30
3530   20.1   30
2572   14.9   30
2100   16.5   30
3785   19   20

Iteration 9 :

1. y values of first 6 examples in ROWS
2600   12.8   20
3121   16.5   20
2126   17   30
3035   20.5   20
4735   11   10
1845   15.3   30
3365   15.5   20

Iteration 10 :

1. y values of first 6 examples in ROWS
1980   15.3   40
2587   16   20
2155   16.4   30
2815   14.5   20
2735   18   30
2045   16.2   30
2395   16   20

Iteration 11 :

1. y values of first 6 examples in ROWS
3410   15.8   20
2774   15.5   20
2979   19.5   20
2226   16.5   20
2965   15.8   20
3504   12   20
4464   11.5   10

Iteration 12 :

1. y values of first 6 examples in ROWS
3465   16.6   20
2542   17   30
2800   14.4   30
2395   18   30
2875   17   20
3121   16.5   20
3221   13.5   20

Iteration 13 :

1. y values of first 6 examples in ROWS
2123   14   30
2124   13.5   20
2665   13.9   30
2945   16   20
2640   18.6   30
3302   15.5   20
2950   19.9   40

Iteration 14 :

1. y values of first 6 examples in ROWS
2020   19.2   30
4354   9   10
2420   12.5   20
2126   17   30
2933   14.5   20
3940   13   20
3664   11   10

Iteration 15 :

1. y values of first 6 examples in ROWS
2807   13.5   20
2279   19   20
3155   18.2   20
3574   21   20
3436   11   20
2835   14.7   20
2620   14.4   30

Iteration 16 :

1. y values of first 6 examples in ROWS
1995   16.2   40
2678   16.5   30
2451   16.5   30
3160   19.6   30
2815   14.5   20
2640   18.6   30
3892   12.5   20

Iteration 17 :

1. y values of first 6 examples in ROWS
1800   14.4   40
2945   16.4   30
4165   11.4   20
2635   16.4   30
2155   16.4   30
3432   21   20
3563   10   20

Iteration 18 :

1. y values of first 6 examples in ROWS
4735   11   10
2226   16.5   20
2190   14.2   30
1875   16.4   40
4376   15   10
3940   13.2   10
2914   16   20

Iteration 19 :

1. y values of first 6 examples in ROWS
2957   17   20
3230   20.4   30
4060   19   20
2045   18.5   30
2575   16.2   30
2556   13.2   30
2320   15.8   30
