Iteration 0 :

2. y values of first 50 examples in ROWS
2110   19.2   40
1963   15.5   30
2155   16.5   30
2560   14.2   30
2223   16.5   30
2065   14.5   30
2265   18.2   30
2515   14.8   20
2625   18.6   30
2930   15.5   20
3940   13   20
1990   14.9   30
2385   12.9   30
2914   16   20
4668   11.5   20
3233   15.4   20
1937   14   30
2125   14.5   30
3630   17.7   20
2511   18   20
4294   16   10
4098   14   10
2870   18.1   30
3525   19   20
3605   15   20
2711   15.5   30
3574   21   20
2464   15.5   30
4140   13.7   20
3761   9.5   20
2150   14.9   30
3360   16.6   20
3250   21.8   30
2070   18.6   40
1825   18.6   40
2205   14.5   40
2735   18   30
2595   11.3   30
3415   15.8   20
3988   13   10
3651   17.7   20
4096   13   10
2990   18.2   20
3221   13.5   20
2230   14.5   30
2720   13.5   20
2375   17.5   30
2220   16.9   30
2875   17   20
2565   13.6   30
4215   12.8   10
Iteration 1 :

2. y values of first 50 examples in ROWS
4464   12   10
2265   18.2   30
3439   15.5   20
2210   14.4   30
1965   15   40
2910   11.4   30
3399   11   20
2234   12.5   30
3336   17   20
2694   15   20
4335   14.5   20
2395   16   20
2870   18.1   30
1965   15.7   30
2070   18.6   40
4096   13   10
3785   19   20
4385   12   10
3221   13.5   20
1940   14.5   30
4955   11.5   10
2735   18   30
3329   15.5   20
1970   17.6   30
3609   8   10
3613   16.5   20
3781   17   20
3940   13.2   10
2125   14.7   40
1985   19.4   30
2019   16.4   40
2219   16.5   30
2933   14.5   20
4054   14.3   20
2189   18   30
4341   10   20
2188   15.8   30
3035   20.5   20
2592   18.5   20
4657   13.5   10
2408   19.5   20
4220   11.1   20
2605   19.6   30
3962   13.9   20
3210   17.2   20
1800   16.4   40
2300   14.7   30
2120   15.5   30
2900   12.6   30
3160   19.6   30
2671   13.5   30
Iteration 2 :

2. y values of first 50 examples in ROWS
2246   14   30
3730   19   20
3278   18   20
3525   19   20
2933   14.5   20
2434   15   40
2110   19.2   40
4499   12.5   10
2245   16.9   30
2070   18.6   40
4154   13.5   10
2020   19.2   30
3432   21   20
2171   16   30
1825   18.6   40
3003   20.1   20
3605   15   20
3609   8   10
2582   14   20
1963   15.5   30
2789   15   20
3282   15   20
2003   19   30
3210   17.2   20
2158   15.5   20
3150   15.7   20
3070   16.7   20
2620   14.4   30
3436   11   20
1875   16.4   40
2711   15.5   30
2045   16.2   30
2914   16   20
2740   16   20
1835   20.5   30
3620   18.7   20
3850   8.5   20
1795   17.5   30
3245   15.4   20
2506   14.5   20
1937   14.2   30
4360   14.9   20
2220   16.9   30
2542   17   30
2124   13.5   20
3270   21.9   20
3988   13   10
2556   13.2   30
3755   14   10
2945   16   20
3425   13.2   20
Iteration 3 :

2. y values of first 50 examples in ROWS
3840   15.4   20
2255   17.7   30
3169   12   10
2265   15.2   30
3609   8   10
2130   14.5   30
2391   15.5   30
2125   14.5   30
3432   21   20
2640   18.6   30
3821   11   10
2123   14   30
4499   12.5   10
2020   19.2   30
2405   14.9   20
3651   17.7   20
2130   14.5   30
2226   16.5   20
2189   18   30
1835   17.3   40
4906   12.5   10
2670   15   30
2587   16   20
1836   21   30
3155   18.2   20
2300   14.7   30
3449   10.5   20
3962   13.9   20
3664   11   10
4278   9.5   20
2671   13.5   30
2914   16   20
3574   21   20
2245   16.9   30
2565   13.6   30
3410   15.8   20
2380   20.7   30
2164   22.1   20
2145   18   30
4502   13.5   10
3190   24.8   30
4498   14.5   20
4325   12.2   20
3003   20.1   20
1975   19.4   40
1835   20.5   30
3459   16   20
1850   13.8   40
2711   15.5   30
2045   16.2   30
4080   13.7   20
Iteration 4 :

2. y values of first 50 examples in ROWS
2130   14.7   40
4746   12   10
2164   15   30
2525   16   30
3436   11   20
3380   15.8   20
1867   19.5   30
2230   14.5   30
2855   17.6   20
2130   24.6   40
3193   17.8   20
2255   17.7   30
1850   13.8   40
3672   11.5   10
2957   17   20
2265   18.2   30
2125   17.3   40
4955   11.5   10
2065   14.5   30
3003   20.1   20
1990   14.9   30
2408   19.5   20
2678   16.5   30
3425   13.2   20
2640   18.6   30
4732   18.5   10
1937   14.2   30
2979   19.5   20
1980   15.3   40
4080   13.7   20
2051   17   30
1963   15.5   30
2125   14.7   40
2910   11.4   30
4082   13   20
4257   15.5   10
2126   17   30
2870   18.1   30
2265   15.2   30
2160   14.5   40
2984   14.5   20
3445   13.4   20
3672   11.5   20
1755   16.9   40
3892   12.5   20
2245   16.9   30
2003   19   30
2620   14.4   30
1915   14.4   40
3336   17   20
3282   15   20
Iteration 5 :

2. y values of first 50 examples in ROWS
2855   17.6   20
2945   16.4   30
2833   15.5   20
2725   12.6   20
2074   19.5   30
2070   18.6   40
4165   11.4   20
2408   19   20
2875   17   20
4464   11.5   10
3158   19.5   20
1937   14   30
3250   21.8   30
1836   21   30
2525   16   30
4294   16   10
1845   15.3   30
3288   15.5   20
2890   17.3   20
2200   13.2   30
1970   17.6   30
4096   13   10
3415   15.8   20
2720   15.4   30
2620   14.4   30
2735   18   30
2962   13.5   20
4360   14.9   20
2264   15.5   30
2901   16   20
2395   18   30
1940   14.5   30
2545   17   20
2700   12.9   30
2219   16.5   30
1800   16.4   40
3530   20.1   30
2375   17.5   30
1850   13.8   40
2110   17.9   50
2265   15.5   30
4498   14.5   20
2672   17.5   30
3399   11   20
3735   13.2   20
3070   16.7   20
3672   11.5   10
2278   15.5   20
2160   14.5   40
2254   23.5   20
1985   19.4   30
Iteration 6 :

2. y values of first 50 examples in ROWS
1990   14.9   30
1613   18   40
4082   13   20
3693   11.5   20
4100   13   10
2930   13.8   20
3015   17   40
3265   18.2   20
2135   16.6   30
2901   16   20
1975   19.4   40
1985   21.5   40
2375   17.5   30
3425   16.9   20
2807   13.5   20
2434   15   40
3940   13   20
4735   11   10
1760   16.1   40
1867   19.5   30
1995   16.2   40
3504   12   20
2025   18.2   40
4220   11.1   20
2525   16   30
4354   9   10
2126   17   30
3086   10   10
2372   15   20
3761   9.5   20
3880   12.5   20
4295   14.9   20
2582   14   20
3605   15   20
1965   15   40
2391   15.5   30
1985   16   30
2615   14.8   30
3210   17.2   20
2228   14   30
4055   12   10
2890   17.3   20
2720   19.4   30
4499   12.5   10
2110   19.2   40
1925   14   30
4615   14   10
2020   19.2   30
2904   16   20
2451   16.5   30
2511   18   20
Iteration 7 :

2. y values of first 50 examples in ROWS
1945   16.8   30
3039   15   20
3892   12.5   20
2950   19.9   40
2542   17   30
2300   14.7   30
4215   13   20
4997   14   10
2720   15.4   30
2155   14.8   30
2330   13.5   20
3233   15.4   20
2511   18   20
4141   14   20
2560   14.2   30
2300   15.5   30
2556   13.2   30
3962   13.9   20
1795   17.5   30
1937   14.2   30
2350   16.8   30
2158   15.5   20
3940   13   20
1985   21.5   40
1875   16.4   40
2045   18.5   30
4060   19   20
2890   17.3   20
2735   18   30
2395   16   20
2665   13.9   30
2408   19.5   20
2542   17.5   30
2130   14.5   30
4952   11.5   10
2220   14   20
2279   19   20
1970   17.6   30
1760   16.1   40
3630   17.7   20
2125   14.5   30
2515   14.8   20
3465   16.6   20
4498   14.5   20
2190   14.1   30
2774   15.5   20
4654   13   10
4237   14.5   10
2506   14.5   20
2155   16.4   30
2875   17   20
Iteration 8 :

2. y values of first 50 examples in ROWS
2945   16   20
1985   21.5   40
4951   11   10
2295   11.6   30
4668   11.5   20
3645   16.2   20
4499   12.5   10
2405   14.9   20
1915   14.4   40
3530   20.1   30
2230   14.5   30
4325   12.2   20
2774   15.5   20
2511   18   20
4129   13   10
1850   13.8   40
3039   15   20
2130   14.7   40
3380   15.8   20
4098   14   10
4464   12   10
3940   13.2   10
2290   17   30
3102   16.5   20
3160   19.6   30
3900   17.4   20
3399   11   20
4732   18.5   10
2330   13.5   20
2310   18.5   20
2395   18   30
3288   15.5   20
4055   12   10
2025   18.2   40
3821   11   10
2255   17.7   30
3302   15.5   20
2945   16.4   30
2108   15.5   20
2835   14.7   20
4100   13   10
4096   13   10
2639   17   20
3785   19   20
1835   17.3   40
2565   13.6   30
4080   13.7   20
2085   21.7   40
2595   11.3   30
4341   10   20
2720   13.5   20
Iteration 9 :

2. y values of first 50 examples in ROWS
2950   19.9   40
2108   15.5   20
4376   15   10
4385   12   10
2385   12.9   30
3840   15.4   20
2065   14.5   30
2900   12.6   30
2875   17   20
1755   16.9   40
1955   20.5   30
3449   10.5   20
2945   16.4   30
3282   15   20
4456   13.5   10
3605   15   20
3205   11.2   20
3609   8   10
3525   19   20
2979   19.5   20
3761   9.5   20
2155   16.5   30
1649   16.5   30
3221   13.5   20
3399   11   20
2370   13   40
4732   18.5   10
3381   18.7   20
4274   12   10
2640   18.6   30
3651   17.7   20
1825   18.6   40
1985   21.5   40
4615   14   10
2330   13.5   20
1985   19.4   30
1970   17.6   30
3725   13.4   20
3430   17.2   20
2451   16.5   30
2290   17   30
2464   15.5   30
2605   19.6   30
1835   20.5   30
3672   11.5   20
1968   18.8   40
3035   20.5   20
3755   14   10
3725   19   30
3336   17   20
2255   17.7   30
Iteration 10 :

2. y values of first 50 examples in ROWS
2720   15.4   30
2595   11.3   30
4955   11.5   10
1950   19   30
2901   16   20
3840   15.4   20
4952   11.5   10
3270   21.9   20
2200   13.2   30
1825   18.6   40
2962   13.5   20
1950   21   30
3433   12   20
3282   15   20
3525   19   20
3265   18.2   20
2957   17   20
3425   13.2   20
1968   18.8   40
4274   12   10
1760   16.1   40
1985   19.4   30
2074   19.5   30
2380   20.7   30
2565   13.6   30
4498   14.5   20
2050   17.3   40
1649   16.5   30
4735   11   10
3415   15.8   20
4457   13.5   10
2265   15.5   30
2254   23.5   20
4129   13   10
2223   16.5   30
3102   16.5   20
3381   18.7   20
4055   12   10
2635   18.3   30
2395   18   30
3672   11.5   10
3070   16.7   20
2945   16   20
3449   10.5   20
3139   14.5   20
4215   13   20
2051   17   30
2155   16.5   30
1835   17.3   40
2401   19.5   20
2375   17.5   30
Iteration 11 :

2. y values of first 50 examples in ROWS
2125   14.7   40
2910   11.4   30
3530   20.1   30
2694   15   20
2790   15.6   30
2625   18.6   30
3140   13.6   20
3664   11   10
3233   15.4   20
1963   15.5   30
2635   18.3   30
4215   12.8   10
4055   12   10
3410   15.8   20
3525   19   20
2634   13   20
2979   19.5   20
2990   18.2   20
3158   19.5   20
2950   17.3   30
3336   17   20
4335   14.5   20
2228   14   30
3613   16.5   20
1850   13.8   40
2135   16.6   30
2045   16.2   30
3430   17.2   20
2789   15   20
2945   14.5   20
3432   21   20
3563   10   20
2595   11.3   30
2472   14   20
4699   14.5   10
1800   14.4   40
2335   23.7   40
3725   19   30
2150   14.9   30
3725   13.4   20
3439   15.5   20
2914   16   20
1940   14.5   30
3465   16.6   20
2615   14.8   30
3015   17   40
3190   24.8   30
3420   22.2   20
2130   14.5   30
2025   18.2   40
2265   18.2   30
Iteration 12 :

2. y values of first 50 examples in ROWS
1613   18   40
3221   13.5   20
4440   14   20
2046   19   30
2158   15.5   20
1985   16.4   30
2950   17.3   30
4422   12.5   10
2164   22.1   20
2774   15.5   20
2430   14.5   20
2385   12.9   30
3530   20.1   30
3381   18.7   20
3504   12   20
3399   11   20
4141   14   20
4165   11.4   20
2130   14.5   30
2560   14.2   30
2789   15   20
2110   19.2   40
3570   12.8   20
3664   11   10
2108   15.5   20
2135   16.6   30
2833   15.5   20
2930   13.8   20
4237   14.5   10
1937   14.2   30
4735   11   10
1845   15.3   30
2025   18.2   40
3445   13.4   20
4498   14.5   20
2635   18.3   30
2957   17   20
3613   16.5   20
2110   17.9   50
2702   13.5   20
2100   16.5   30
2391   15.5   30
4363   13   10
3840   15.4   20
3380   15.8   20
2511   18   20
3459   16   20
1937   14   30
3155   18.2   20
2648   15   20
4732   18.5   10
Iteration 13 :

2. y values of first 50 examples in ROWS
2395   16   20
2711   15.5   30
2945   16   20
2035   22.2   30
2126   17   30
3664   11   10
2125   17.3   40
2635   18.3   30
4906   12.5   10
3365   15.5   20
2833   15.5   20
2962   13.5   20
2145   18   30
3410   15.1   20
2542   17.5   30
2370   13   40
3264   16   20
2560   14.2   30
2123   14   30
1834   19   30
2933   14.5   20
3563   10   20
4951   11   10
1773   19   30
4055   12   10
2472   14   20
4955   11.5   10
3190   24.8   30
1937   14   30
1795   17.4   30
2790   15.6   30
3907   21   20
2074   19.5   30
2130   24.6   40
2171   16   30
3781   17   20
2380   20.7   30
3609   8   10
4746   12   10
5140   12   10
2634   13   20
2230   14.5   30
2219   16.5   30
2130   14.7   40
2905   14.3   20
3410   15.8   20
1760   16.1   40
1825   18.6   40
2220   16.9   30
2605   19.6   30
4140   13.7   20
Iteration 14 :

2. y values of first 50 examples in ROWS
3102   16.5   20
2560   14.2   30
2587   16   20
3892   12.5   20
2130   14.5   30
3169   12   10
2264   15.5   30
4209   12   10
4140   13.7   20
4237   14.5   10
2670   15   30
2210   14.4   30
2070   18.6   40
2965   15.8   20
2904   16   20
2979   19.5   20
1825   18.6   40
2075   15.9   30
3140   13.6   20
2585   14.5   30
2245   16.9   30
2625   18.6   30
2945   16   20
3645   16.2   20
2830   15.9   20
3012   17.6   20
3632   18   20
2155   16.4   30
2126   17   30
2295   11.6   30
2350   16.8   30
3085   17.6   20
4077   14   10
2372   15   20
4382   13.5   10
2025   18.2   40
2434   15   40
4499   12.5   10
2634   13   20
2640   18.6   30
2379   16.5   20
4141   14   20
4129   13   10
3381   18.7   20
1915   14.4   40
2074   19.5   30
2542   17.5   30
2290   17   30
2635   16.4   30
2660   14   20
2789   15   20
Iteration 15 :

2. y values of first 50 examples in ROWS
3613   16.5   20
3121   16.5   20
5140   12   10
4215   13   20
2900   12.6   30
2720   19.4   30
4699   14.5   10
4385   12   10
1800   16.4   40
2230   14.5   30
4360   14.9   20
2735   18   30
1795   17.4   30
1990   17   30
4215   12.8   10
2125   14.7   40
4220   11.1   20
3988   13   10
2890   17.3   20
1835   17.3   40
4154   13.5   10
3425   16.9   20
4237   14.5   10
2130   14.5   30
3012   17.6   20
1649   16.5   30
4633   11   10
3139   14.5   20
2500   15.1   40
2489   15   20
4140   13.7   20
3730   19   20
1968   18.8   40
3830   15.2   20
3150   15.7   20
2279   19   20
4098   14   10
3777   12.5   20
2155   14.8   30
2085   21.7   40
2045   18.5   30
2587   16   20
2164   22.1   20
2933   14.5   20
4382   13.5   10
3940   13   20
3288   15.5   20
3211   17   20
4464   11.5   10
3155   18.2   20
3410   15.1   20
Iteration 16 :

2. y values of first 50 examples in ROWS
2670   16   30
2957   17   20
3264   16   20
4278   9.5   20
3221   13.5   20
2904   16   20
4294   16   10
2375   17.5   30
1945   16.8   30
2379   16.5   20
2635   18.3   30
3329   15.5   20
2945   16   20
2945   14.5   20
3609   8   10
3003   20.1   20
2500   15.1   40
2933   14.5   20
2790   15.6   30
2320   15.8   30
2595   11.3   30
2671   13.5   30
2600   12.8   20
3425   16.9   20
2875   17   20
2045   16.2   30
4382   13.5   10
3302   15.5   20
2391   15.5   30
1800   16.4   40
2930   15.5   20
2219   16.5   30
2126   17   30
2490   15.7   30
3436   11   20
2789   15   20
4077   14   10
3035   20.5   20
3630   17.7   20
3632   18   20
4055   12   10
2190   14.1   30
4096   13   10
2807   13.5   20
3121   16.5   20
3664   11   10
1985   16   30
3445   13.4   20
2370   13   40
1975   19.4   40
3250   21.8   30
Iteration 17 :

2. y values of first 50 examples in ROWS
2130   14.5   30
2795   15.7   20
2246   14   30
2950   17.3   30
5140   12   10
4464   11.5   10
2990   18.2   20
2694   15   20
2065   17.8   30
4341   10   20
2065   14.5   30
2700   12.9   30
3139   14.5   20
1834   19   30
4456   13.5   10
2790   15.6   30
2575   16.2   30
3221   13.5   20
3302   15.5   20
2592   18.5   20
3820   16.7   20
2202   15.3   30
3892   12.5   20
2405   14.9   20
2905   14.3   20
2050   17.3   40
4100   13   10
2300   14.5   30
2255   17.7   30
3425   13.2   20
2725   12.6   20
2900   12.6   30
2901   16   20
2735   18   30
2278   15.5   20
3609   8   10
3535   19.2   20
2219   16.5   30
4220   11.1   20
2320   15.8   30
3664   11   10
1937   14   30
2144   14.7   40
2720   15.4   30
2572   14.9   30
3420   22.2   20
2711   15.5   30
2228   14   30
2160   14.5   40
3632   18   20
3430   17.2   20
Iteration 18 :

2. y values of first 50 examples in ROWS
2914   16   20
4464   11.5   10
4080   13.7   20
2380   20.7   30
4325   12.2   20
4294   16   10
3150   15.7   20
3955   13.2   20
2950   19.9   40
3121   16.5   20
4654   13   10
1937   14.2   30
2164   22.1   20
2434   15   40
2046   19   30
2795   15.7   20
2045   18.5   30
2125   14.5   30
2620   14.4   30
4735   11   10
2672   17.5   30
2500   15.1   40
3730   19   20
2735   18   30
4060   19   20
3520   16.4   20
2279   19   20
2278   15.5   20
4382   13.5   10
4440   14   20
2051   17   30
2074   19.5   30
3432   21   20
3003   20.1   20
2035   22.2   30
3530   20.1   30
4055   12   10
3193   17.8   20
3221   13.5   20
2110   17.9   50
2188   15.8   30
2702   13.5   20
2130   14.5   30
2720   13.5   20
2900   12.6   30
4354   9   10
3735   13.2   20
3630   17.7   20
2395   18   30
2330   13.5   20
2290   17   30
Iteration 19 :

2. y values of first 50 examples in ROWS
4257   15.5   10
2720   19.4   30
2515   14.8   20
2223   16.5   30
2634   13   20
2506   14.5   20
2144   14.7   40
4237   14.5   10
3897   18.5   20
2395   16   20
4354   9   10
3288   15.5   20
4951   11   10
2678   16.5   30
4215   13   20
2585   14.5   30
2945   16   20
2592   18.5   20
2830   15.9   20
1795   17.4   30
4209   12   10
2420   12.5   20
2807   13.5   20
2560   14.2   30
4060   19   20
2711   15.5   30
2835   14.7   20
3278   18   20
2930   15.5   20
2210   14.4   30
2125   14.5   30
3520   16.4   20
2395   18   30
3465   16.6   20
1867   19.5   30
4456   13.5   10
3155   18.2   20
3613   16.5   20
4220   11.1   20
2046   19   30
1875   16.4   40
1995   16.2   40
2542   17.5   30
4638   16   10
2050   17.3   40
2150   14.9   30
3693   11.5   20
3651   17.7   20
4215   12.8   10
3015   17   40
2875   17   20