1. y values of first 6 examples in ROWS
1867   19.5   30   
2130   14.5   30   
2700   12.9   30   
4060   19   20   
1834   19   30   
2335   23.7   40   
2126   17   30   
2. y values of first 50 examples in ROWS
1867   19.5   30   
2130   14.5   30   
2700   12.9   30   
4060   19   20   
1834   19   30   
2335   23.7   40   
2126   17   30   
2395   18   30   
1995   16.2   40   
2595   11.3   30   
4385   12   10   
1990   17   30   
2125   14.5   30   
3245   15.4   20   
3250   21.8   30   
4154   13.5   10   
3900   17.4   20   
2833   15.5   20   
3735   13.2   20   
2202   15.3   30   
2130   14.7   40   
2735   18   30   
2155   14.8   30   
2145   18   30   
3102   16.5   20   
2725   12.6   20   
1835   20.5   30   
2190   14.2   30   
2085   21.7   40   
4638   16   10   
2740   16   20   
3265   18.2   20   
3620   18.7   20   
2350   16.8   30   
2506   14.5   20   
3432   21   20   
2164   15   30   
3360   16.6   20   
2979   19.5   20   
3630   17.7   20   
2210   14.4   30   
3150   15.7   20   
2125   17.3   40   
2265   15.5   30   
2155   16.4   30   
3755   14   10   
2545   17   20   
2515   14.8   20   
3820   16.7   20   
2420   12.5   20   
2774   15.5   20   
3. sort rows based on distance to heaven
1867   19.5   30   

3094.6   15.319999999999999   20.0   
2448.5   17.0   26.666666666666668   
2761.4285714285716   14.685714285714285   25.714285714285715   
3162.0   16.7875   22.5   
2779.3333333333335   16.299999999999997   25.555555555555557   
3115.5   14.540000000000001   25.0   
2842.0   15.981818181818182   23.636363636363637   
3285.5833333333335   14.416666666666666   18.333333333333332   
2759.0   16.53846153846154   25.384615384615383   
2950.714285714286   15.757142857142856   23.571428571428573   
