Iteration 0 :

5. mid, y values of centroid of SELECTED
2483.33   16.47   27.72
2473.45   16.47   27.97
2881.89   15.71   24.52
3195.52   16.36   20.86
2883.20   15.72   24.49
2885.86   15.72   24.45
2885.86   15.72   24.45
2886.72   15.72   24.44
2890.23   15.72   24.39
2887.32   15.72   24.42

Iteration 1 :

5. mid, y values of centroid of SELECTED
2587.07   16.24   27.82
2548.14   16.47   27.91
2566.50   16.44   27.00
2588.60   16.34   26.76
2568.48   16.44   26.98
2570.03   16.44   26.93
2569.50   16.43   26.92
3204.43   16.23   20.88
3375.61   15.63   18.97
2707.12   15.79   25.61

Iteration 2 :

5. mid, y values of centroid of SELECTED
2421.10   16.46   28.73
2557.43   16.32   27.48
3473.59   15.30   20.31
2584.52   16.50   26.94
2534.86   16.52   27.45
2525.87   16.52   27.53
2430.71   16.44   28.32
2428.83   16.50   26.79
2529.82   16.49   27.39
2509.24   16.48   27.75

Iteration 3 :

5. mid, y values of centroid of SELECTED
2307.33   16.58   29.55
2824.98   15.64   26.37
2307.33   16.58   29.55
2362.25   16.39   29.00
2305.68   16.57   29.55
2466.82   16.42   27.95
2564.06   16.44   26.92
3192.72   16.18   20.63
2561.94   16.45   26.90
2563.67   16.44   26.86

Iteration 4 :

5. mid, y values of centroid of SELECTED
2897.73   15.62   24.23
2892.81   15.60   24.27
2892.88   15.60   24.25
2898.29   15.57   24.21
2888.40   15.58   24.26
2558.93   16.49   27.02
2558.65   16.49   27.01
2558.65   16.49   27.01
2561.20   16.48   26.97
2562.31   16.48   26.96

Iteration 5 :

5. mid, y values of centroid of SELECTED
2181.17   16.74   30.69
2312.59   16.59   29.40
2309.12   16.58   29.45
2576.10   16.46   26.86
2578.81   16.46   26.85
2579.65   16.43   26.81
2581.78   16.43   26.76
2580.78   16.43   26.78
2581.89   16.42   26.77
2578.98   16.43   26.80

Iteration 6 :

5. mid, y values of centroid of SELECTED
2923.06   15.69   24.59
2922.56   15.69   24.60
2923.95   15.70   24.62
2925.53   15.70   24.57
2928.75   15.70   24.56
2571.67   16.49   26.93
2309.25   16.65   29.49
2572.87   16.50   26.92
2569.53   16.49   26.95
2567.19   16.49   26.97

Iteration 7 :

5. mid, y values of centroid of SELECTED
2311.58   16.61   29.40
2744.84   15.87   25.55
2570.56   16.49   26.90
2570.56   16.49   26.90
2570.56   16.49   26.90
2571.53   16.49   26.89
2573.81   16.49   26.84
2576.33   16.50   26.79
4065.85   13.46   15.93
2572.71   16.50   26.82

Iteration 8 :

5. mid, y values of centroid of SELECTED
2307.98   16.60   29.45
2322.26   16.54   29.23
2468.10   15.93   27.71
2449.45   16.46   28.09
2916.10   15.67   24.24
2913.28   15.67   24.25
2913.55   15.67   24.26
2565.38   16.50   27.00
2567.44   16.50   26.99
4125.50   13.27   16.67

Iteration 9 :

5. mid, y values of centroid of SELECTED
2302.59   16.59   29.60
2304.35   16.57   29.60
2447.73   16.39   28.15
2460.18   16.38   28.06
2414.18   16.35   28.49
2537.99   16.13   23.66
3195.53   16.25   20.99
2566.13   16.46   27.05
2567.68   16.47   27.04
2567.32   16.47   27.03

Iteration 10 :

5. mid, y values of centroid of SELECTED
2573.12   16.49   26.90
2571.85   16.49   26.93
3977.66   13.43   16.71
2570.58   16.49   26.92
4014.59   13.30   15.32
2567.95   16.49   26.94
2568.21   16.49   26.93
2569.40   16.49   26.96
2568.49   16.49   26.98
4111.82   13.34   15.08

Iteration 11 :

5. mid, y values of centroid of SELECTED
2569.84   16.49   26.96
2569.84   16.49   26.96
2571.95   16.48   26.95
2573.53   16.47   26.91
2573.82   16.48   26.93
2576.50   16.48   26.89
4068.65   13.16   15.62
2900.00   15.76   24.46
2901.84   15.76   24.44
2903.16   15.76   24.45

Iteration 12 :

5. mid, y values of centroid of SELECTED
2574.02   16.49   26.99
2569.74   16.49   27.01
2569.90   16.49   27.00
2569.90   16.49   27.00
2566.57   16.48   26.99
2568.30   16.47   26.94
2567.94   16.47   26.93
2567.59   16.48   26.92
2566.11   16.47   26.95
2568.68   16.46   26.94

Iteration 13 :

5. mid, y values of centroid of SELECTED
2479.83   16.36   27.75
2540.49   16.48   27.11
3199.52   16.30   20.99
3200.26   16.33   21.00
2564.11   16.47   27.01
2566.30   16.48   27.00
3194.82   16.31   21.01
2563.62   16.47   27.02
3197.05   16.31   21.03
2782.88   16.06   25.40

Iteration 14 :

5. mid, y values of centroid of SELECTED
2310.61   16.55   29.45
2310.61   16.55   29.45
2573.79   16.44   26.90
2576.70   16.46   26.87
2576.65   16.45   26.90
2576.65   16.45   26.90
2577.73   16.45   26.89
4076.86   13.14   14.94
4076.19   13.14   14.88
2920.39   15.68   24.13

Iteration 15 :

5. mid, y values of centroid of SELECTED
2736.04   15.89   25.69
2739.89   15.88   25.69
2572.04   16.48   27.00
2574.13   16.47   26.99
2572.44   16.47   27.01
2573.06   16.46   27.00
2573.06   16.46   27.00
2573.06   16.46   27.00
2572.49   16.46   26.99
2573.95   16.46   27.02

Iteration 16 :

5. mid, y values of centroid of SELECTED
2571.80   16.49   26.93
2573.23   16.49   26.92
2570.86   16.49   26.94
2570.86   16.49   26.94
2570.53   16.50   26.93
2570.63   16.50   26.92
2572.16   16.50   26.91
2569.34   16.50   26.93
4000.80   13.49   15.66
2570.88   16.50   26.92

Iteration 17 :

5. mid, y values of centroid of SELECTED
2917.80   15.30   24.54
2920.20   15.27   24.50
2922.69   15.26   24.45
2584.76   16.21   26.73
2550.78   16.41   27.11
3186.30   16.19   21.00
3185.32   16.19   21.01
2546.66   16.46   27.19
3199.60   16.19   20.67
3172.09   16.19   21.19

Iteration 18 :

5. mid, y values of centroid of SELECTED
3274.85   15.05   19.73
2575.72   16.31   25.96
2972.89   15.57   23.87
2974.57   15.57   23.86
2977.70   15.57   23.81
2540.37   16.58   27.33
2470.57   16.54   27.95
2495.66   16.48   28.58
2490.05   16.51   27.69
2573.00   16.54   27.02

Iteration 19 :

5. mid, y values of centroid of SELECTED
2912.51   15.39   24.58
2914.74   15.39   24.57
2918.19   15.39   24.55
2918.19   15.39   24.55
2920.30   15.38   24.53
2923.28   15.36   24.51
2924.97   15.37   24.53
2504.64   16.47   28.95
3209.03   16.34   20.88
2576.10   16.50   26.96
