1. y values of first 6 examples in ROWS
2700   12.9   30   
2265   15.5   30   
1845   15.3   30   
1835   20.5   30   
2019   16.4   40   
4140   13.7   20   
4098   14   10   
2. y values of first 50 examples in ROWS
2700   12.9   30   
2265   15.5   30   
1845   15.3   30   
1835   20.5   30   
2019   16.4   40   
4140   13.7   20   
4098   14   10   
2135   16.6   30   
2910   11.4   30   
2660   14   20   
1915   14.4   40   
2408   19.5   20   
3035   20.5   20   
1773   19   30   
4464   11.5   10   
1937   14.2   30   
2375   17.5   30   
1985   19.4   30   
2210   14.4   30   
4422   12.5   10   
2130   24.6   40   
4997   14   10   
2254   23.5   20   
2278   15.5   20   
4668   11.5   20   
3336   17   20   
2575   16.2   30   
2979   19.5   20   
2671   13.5   30   
2560   14.2   30   
2740   16   20   
1968   18.8   40   
1836   21   30   
2670   16   30   
2565   13.6   30   
3955   13.2   20   
4906   12.5   10   
3230   20.4   30   
4100   13   10   
3420   22.2   20   
2735   18   30   
3672   11.5   20   
4312   8.5   10   
2755   15.8   30   
3102   16.5   20   
4129   13   10   
3210   17.2   20   
3381   18.7   20   
1945   16.8   30   
3900   17.4   20   
4457   13.5   10   
3. sort rows based on distance to heaven
2700   12.9   30   

1835   20.5   30   
2019   16.4   40   
1845   15.3   30   
2135   16.6   30   
2265   15.5   30   
2700   12.9   30   
1915   14.4   40   
2408   19.5   20   
3035   20.5   20   
1773   19   30   
