
Iteration 0 : 

Current random seed:  69

1. y values of first 6 examples in ROWS
3264   16   20   
2702   13.5   20   
3613   16.5   20   
3525   19   20   
2489   15   20   
3221   13.5   20   
2. y values of first 50 examples in ROWS
3264   16   20   
2702   13.5   20   
3613   16.5   20   
3525   19   20   
2489   15   20   
3221   13.5   20   
2515   14.8   20   
1795   17.5   30   
2640   18.6   30   
3725   13.4   20   
2720   13.5   20   
4060   19   20   
2278   15.5   20   
3465   16.6   20   
3150   15.7   20   
4668   11.5   20   
3850   8.5   20   
4054   14.3   20   
4464   11.5   10   
3574   21   20   
2155   14.8   30   
2670   16   30   
4732   18.5   10   
2464   15.5   30   
2815   14.5   20   
3988   13   10   
2265   15.5   30   
2950   19.9   40   
3381   18.7   20   
4906   12.5   10   
2582   14   20   
3535   19.2   20   
3820   16.7   20   
2265   15.2   30   
2625   18.6   30   
1795   17.4   30   
3955   13.2   20   
3504   12   20   
2130   14.7   40   
3425   16.9   20   
2671   13.5   30   
4955   11.5   10   
2120   15.5   30   
3250   21.8   30   
2395   16   20   
2125   17.3   40   
3880   12.5   20   
2205   14.5   40   
1850   13.8   40   
3410   15.8   20   
3. sort rows based on distance to heaven
2130   24.6   40   

4. rand: y values of centroid of (from DARK, select BUDGET0+i rows at random)
3067.60   16.08   24.00   
3299.50   15.47   20.00   
2589.29   14.63   25.71   
2676.00   16.38   28.75   
2374.22   16.73   26.67   
2866.30   17.83   24.00   
3085.45   14.75   20.91   
2550.17   15.76   25.83   
3345.92   15.25   20.00   
2779.29   16.18   26.43   
5. mid, y values of centroid of SELECTED
2973.80   15.55   23.87   
2974.67   15.54   23.85   
2968.16   15.56   23.89   
2970.24   15.56   23.87   
2972.77   15.55   23.83   
2975.70   15.53   23.81   
2974.15   15.53   23.81   
2974.37   15.52   23.82   
2973.37   15.52   23.83   
2968.22   15.53   23.87   
6. y values of first row in BEST
2254   23.5   20   
2635   18.3   30   
2200   13.2   30   
2155   14.8   30   
1985   21.5   40   
1836   21   30   
2945   16   20   
2890   17.3   20   
3211   17   20   
3360   16.6   20   

Iteration 1 : 

Current random seed:  22

1. y values of first 6 examples in ROWS
3725   13.4   20   
3613   16.5   20   
2595   11.3   30   
2130   14.7   40   
2205   14.5   40   
2833   15.5   20   
2. y values of first 50 examples in ROWS
3725   13.4   20   
3613   16.5   20   
2595   11.3   30   
2130   14.7   40   
2205   14.5   40   
2833   15.5   20   
2830   15.9   20   
2670   16   30   
2464   15.5   30   
4363   13   10   
2110   19.2   40   
4190   13   20   
1915   14.4   40   
3436   11   20   
2789   15   20   
1990   17   30   
3445   13.4   20   
4341   10   20   
2565   13.6   30   
2671   13.5   30   
2500   15.1   40   
2320   15.8   30   
2582   14   20   
2295   11.6   30   
3433   12   20   
2556   13.2   30   
4906   12.5   10   
2865   16.4   20   
2130   14.5   30   
4135   13.5   20   
3155   18.2   20   
3278   18   20   
1795   17.5   30   
2123   14   30   
3365   15.5   20   
3250   21.8   30   
1925   14   30   
3086   10   10   
2164   15   30   
4129   13   10   
2290   17   30   
3211   17   20   
4633   11   10   
2572   14.9   30   
2035   22.2   30   
2945   14.5   20   
3781   17   20   
3190   24.8   30   
3085   17.6   20   
1836   21   30   
3. sort rows based on distance to heaven
2130   24.6   40   

4. rand: y values of centroid of (from DARK, select BUDGET0+i rows at random)
3018.80   13.92   24.00   
3105.50   14.27   25.00   
3229.14   15.31   24.29   
2509.12   16.57   25.00   
2913.78   15.66   26.67   
2972.20   15.22   24.00   
2572.73   16.75   24.55   
3439.17   16.19   20.00   
3593.08   14.44   20.00   
2931.21   15.58   24.29   
5. mid, y values of centroid of SELECTED
2303.61   16.61   29.55   
2301.77   16.62   29.55   
2301.77   16.62   29.55   
2310.53   16.54   29.48   
2965.05   15.58   23.87   
2967.62   15.57   23.82   
2959.20   15.59   23.89   
2961.57   15.58   23.87   
4095.35   12.99   15.05   
2960.96   15.58   23.86   
6. y values of first row in BEST
2126   17   30   
2950   17.3   30   
2265   15.2   30   
2720   19.4   30   
2670   15   30   
1968   18.8   40   
2795   15.7   20   
2046   19   30   
4082   13   20   
2075   15.9   30   

Iteration 2 : 

Current random seed:  41

1. y values of first 6 examples in ROWS
3282   15   20   
3693   11.5   20   
2575   16.2   30   
2900   12.6   30   
3003   20.1   20   
2290   17   30   
2. y values of first 50 examples in ROWS
3282   15   20   
3693   11.5   20   
2575   16.2   30   
2900   12.6   30   
3003   20.1   20   
2290   17   30   
2678   16.5   30   
2110   17.9   50   
3725   13.4   20   
2155   14.8   30   
2219   16.5   30   
2200   13.2   30   
2560   14.2   30   
2595   11.3   30   
1970   17.6   30   
2155   16.5   30   
3651   17.7   20   
2506   14.5   20   
3761   9.5   20   
4335   14.5   20   
2130   14.5   30   
3270   21.9   20   
4732   18.5   10   
3121   16.5   20   
2150   14.9   30   
3605   15   20   
1795   17.5   30   
2046   19   30   
2635   16.4   30   
4638   16   10   
2648   15   20   
2350   16.8   30   
3821   11   10   
1950   19   30   
2254   23.5   20   
2160   14.5   40   
4141   14   20   
3735   13.2   20   
2585   14.5   30   
4997   14   10   
4215   12.8   10   
2379   16.5   20   
3360   16.6   20   
2230   14.5   30   
3102   16.5   20   
3230   20.4   30   
3570   12.8   20   
2672   17.5   30   
4499   12.5   10   
2489   15   20   
3. sort rows based on distance to heaven
2130   24.6   40   

4. rand: y values of centroid of (from DARK, select BUDGET0+i rows at random)
2603.80   17.06   26.00   
3314.33   14.57   20.00   
2921.86   15.29   24.29   
3263.50   14.31   22.50   
2983.44   14.93   24.44   
3389.30   14.54   20.00   
3284.73   16.50   20.91   
2890.25   17.00   24.17   
2901.46   15.02   24.62   
2576.36   16.22   25.71   
5. mid, y values of centroid of SELECTED
2308.58   16.59   29.55   
2308.67   16.59   29.55   
2977.67   15.55   23.83   
2976.06   15.57   23.86   
2971.55   15.58   23.90   
2969.80   15.58   23.91   
2969.90   15.58   23.92   
2969.13   15.56   23.93   
2968.89   15.56   23.94   
2970.92   15.56   23.92   
6. y values of first row in BEST
2255   17.7   30   
2290   17   30   
2300   14.7   30   
2279   19   20   
3155   18.2   20   
3651   17.7   20   
2702   13.5   20   
3270   21.9   20   
3060   17.1   20   
2190   14.1   30   

Iteration 3 : 

Current random seed:  0

1. y values of first 6 examples in ROWS
3365   15.5   20   
2188   15.8   30   
3664   11   10   
4633   11   10   
3158   19.5   20   
3399   11   20   
2. y values of first 50 examples in ROWS
3365   15.5   20   
2188   15.8   30   
3664   11   10   
4633   11   10   
3158   19.5   20   
3399   11   20   
3609   8   10   
1875   16.4   40   
2740   16   20   
2295   11.6   30   
3169   12   10   
2025   18.2   40   
4295   14.9   20   
2835   14.7   20   
3940   13.2   10   
3840   15.4   20   
2678   16.5   30   
2875   17   20   
2246   14   30   
4464   12   10   
3015   17   40   
2833   15.5   20   
2671   13.5   30   
2905   14.3   20   
1925   14   30   
2945   16   20   
3940   13   20   
3962   13.9   20   
2401   19.5   20   
1760   16.1   40   
2050   17.3   40   
3900   17.4   20   
2395   18   30   
2065   14.5   30   
4341   10   20   
2950   19.9   40   
2190   14.2   30   
2582   14   20   
1980   15.3   40   
3205   11.2   20   
2930   13.8   20   
3430   17.2   20   
3035   20.5   20   
3880   12.5   20   
2200   13.2   30   
2158   15.5   20   
3021   16.5   20   
2725   12.6   20   
1773   19   30   
3605   15   20   
3. sort rows based on distance to heaven
2130   24.6   40   

4. rand: y values of centroid of (from DARK, select BUDGET0+i rows at random)
2527.80   16.00   24.00   
2761.00   18.03   26.67   
3195.14   14.06   21.43   
2719.88   15.78   23.75   
3256.78   15.36   18.89   
2757.30   16.59   23.00   
2848.91   16.45   25.45   
3024.83   14.43   23.33   
2721.92   16.62   25.38   
3405.79   14.37   19.29   
5. mid, y values of centroid of SELECTED
2960.33   15.58   23.90   
2962.62   15.57   23.89   
2962.48   15.57   23.85   
2958.96   15.57   23.86   
2961.02   15.57   23.87   
2963.18   15.58   23.85   
2960.39   15.58   23.89   
2962.88   15.58   23.87   
4095.55   12.98   15.15   
2958.89   15.58   23.92   
6. y values of first row in BEST
2380   20.7   30   
1965   15   40   
3015   17   40   
2065   17.8   30   
2158   15.5   20   
2125   14.5   30   
3085   17.6   20   
2000   16   30   
4335   14.5   20   
3632   18   20   

Iteration 4 : 

Current random seed:  92

1. y values of first 6 examples in ROWS
4951   11   10   
2190   14.2   30   
2158   15.5   20   
3288   15.5   20   
3012   17.6   20   
3039   15   20   
2. y values of first 50 examples in ROWS
4951   11   10   
2190   14.2   30   
2158   15.5   20   
3288   15.5   20   
3012   17.6   20   
3039   15   20   
2605   19.6   30   
4077   14   10   
4422   12.5   10   
1937   14   30   
2045   18.5   30   
4129   13   10   
4055   12   10   
4135   13.5   20   
3282   15   20   
2984   14.5   20   
3425   13.2   20   
4154   13.5   10   
2620   14.4   30   
2930   13.8   20   
4654   13   10   
2711   15.5   30   
2279   19   20   
2800   14.4   30   
3880   12.5   20   
4096   13   10   
3121   16.5   20   
2265   18.2   30   
4955   11.5   10   
3085   17.6   20   
1940   14.5   30   
2125   14.7   40   
3630   17.7   20   
2725   12.6   20   
2310   18.5   20   
1800   14.4   40   
2125   14.5   30   
3609   8   10   
3563   10   20   
3735   13.2   20   
1975   15.2   30   
4735   11   10   
1925   14   30   
4502   13.5   10   
2434   15   40   
2930   15.5   20   
2965   15.8   20   
3672   11.5   10   
4082   13   20   
5140   12   10   
3. sort rows based on distance to heaven
2130   24.6   40   

4. rand: y values of centroid of (from DARK, select BUDGET0+i rows at random)
2709.40   14.54   26.00   
3411.33   14.87   20.00   
3144.29   15.06   21.43   
2931.38   15.12   21.25   
3791.22   14.06   17.78   
2900.80   15.20   25.00   
2612.18   14.48   26.36   
3356.83   14.59   21.67   
2756.69   15.09   24.62   
3117.00   14.88   20.71   
5. mid, y values of centroid of SELECTED
2976.27   15.56   23.81   
2978.17   15.56   23.79   
2980.35   15.57   23.78   
2976.24   15.58   23.79   
2976.36   15.58   23.80   
2975.21   15.59   23.80   
2977.61   15.58   23.79   
2979.85   15.58   23.80   
2977.49   15.59   23.81   
4122.99   13.00   14.75   
6. y values of first row in BEST
2050   17.3   40   
1795   17.4   30   
2123   14   30   
2228   14   30   
2830   15.9   20   
2904   16   20   
2045   18.5   30   
2108   15.5   20   
2930   15.5   20   
3735   13.2   20   

Iteration 5 : 

Current random seed:  17

1. y values of first 6 examples in ROWS
4464   11.5   10   
2300   15.5   30   
2220   14   20   
4997   14   10   
3190   24.8   30   
1795   17.5   30   
2. y values of first 50 examples in ROWS
4464   11.5   10   
2300   15.5   30   
2220   14   20   
4997   14   10   
3190   24.8   30   
1795   17.5   30   
4257   15.5   10   
2711   15.5   30   
3205   11.2   20   
1963   15.5   30   
3425   16.9   20   
2278   15.5   20   
2910   11.4   30   
3777   12.5   20   
2472   14   20   
3907   21   20   
4354   9   10   
2130   14.5   30   
2019   16.4   40   
4464   12   10   
2070   18.6   40   
2045   18.5   30   
2672   17.5   30   
3433   12   20   
2506   14.5   20   
3230   20.4   30   
3761   9.5   20   
4499   12.5   10   
2489   15   20   
2379   16.5   20   
1985   21.5   40   
4657   13.5   10   
3288   15.5   20   
3003   20.1   20   
1850   13.8   40   
4312   8.5   10   
2108   15.5   20   
2795   15.7   20   
1915   14.4   40   
2957   17   20   
2592   18.5   20   
3605   15   20   
2515   14.8   20   
2890   17.3   20   
3693   11.5   20   
1970   17.6   30   
1825   12.2   30   
1940   14.5   30   
2279   19   20   
3278   18   20   
3. sort rows based on distance to heaven
2130   24.6   40   

4. rand: y values of centroid of (from DARK, select BUDGET0+i rows at random)
2594.60   14.64   26.00   
2903.33   16.98   25.00   
2988.14   15.99   22.86   
3004.50   14.98   21.25   
2825.44   14.93   25.56   
3290.90   14.98   21.00   
2970.45   15.86   23.64   
2856.75   15.09   25.83   
2885.69   15.54   25.38   
2751.71   16.13   25.71   
5. mid, y values of centroid of SELECTED
2963.39   15.59   23.88   
2960.85   15.59   23.89   
4103.94   12.98   14.85   
2958.40   15.59   23.89   
2960.28   15.58   23.90   
2962.35   15.58   23.88   
2961.35   15.59   23.89   
2963.05   15.59   23.88   
2964.49   15.58   23.89   
2962.27   15.58   23.90   
6. y values of first row in BEST
1795   17.4   30   
3630   17.7   20   
3962   13.9   20   
2542   17.5   30   
2226   16.5   20   
2155   16.4   30   
3353   14.5   20   
2300   14.5   30   
2408   19.5   20   
3820   16.7   20   

Iteration 6 : 

Current random seed:  38

1. y values of first 6 examples in ROWS
4237   14.5   10   
2575   16.2   30   
2515   14.8   20   
2451   16.5   30   
2665   13.9   30   
3169   12   10   
2. y values of first 50 examples in ROWS
4237   14.5   10   
2575   16.2   30   
2515   14.8   20   
2451   16.5   30   
2665   13.9   30   
3169   12   10   
2490   15.7   30   
2615   14.8   30   
2130   24.6   40   
2672   17.5   30   
2945   16   20   
2740   16   20   
2711   15.5   30   
2200   13.2   30   
1945   16.8   30   
2700   12.9   30   
4955   11.5   10   
3221   13.5   20   
2910   11.4   30   
2572   14.9   30   
4141   14   20   
4633   11   10   
2605   19.6   30   
2945   16.4   30   
3820   16.7   20   
4082   13   20   
2215   14.9   30   
3270   21.9   20   
2110   19.2   40   
2278   15.5   20   
2300   14.5   30   
2930   15.5   20   
2774   15.5   20   
3039   15   20   
2830   15.9   20   
2865   16.4   20   
4385   12   10   
2600   12.8   20   
2755   15.8   30   
2795   15.7   20   
2045   18.5   30   
2171   16   30   
3155   18.2   20   
3755   14   10   
1963   15.5   30   
4054   14.3   20   
2124   13.5   20   
2585   14.5   30   
4080   13.7   20   
4278   9.5   20   
3. sort rows based on distance to heaven
2130   24.6   40   

4. rand: y values of centroid of (from DARK, select BUDGET0+i rows at random)
2502.20   17.40   28.00   
2972.00   16.68   23.33   
3102.29   15.31   20.00   
2987.62   14.57   23.75   
3356.56   16.43   18.89   
2950.70   14.71   22.00   
2879.91   16.42   26.36   
2981.42   15.71   23.33   
2556.62   15.08   25.38   
3039.86   14.76   23.57   
5. mid, y values of centroid of SELECTED
2309.89   16.63   29.50   
2311.62   16.63   29.50   
2964.44   15.60   23.94   
2962.18   15.60   23.95   
2963.08   15.61   23.94   
2961.62   15.60   23.95   
2971.55   15.58   23.87   
2973.68   15.59   23.82   
2975.30   15.58   23.81   
4126.85   13.00   15.05   
6. y values of first row in BEST
1800   14.4   40   
1963   15.5   30   
2265   15.5   30   
3158   19.5   20   
2615   14.8   30   
3525   19   20   
2506   14.5   20   
2144   14.7   40   
2350   16.8   30   
3840   15.4   20   

Iteration 7 : 

Current random seed:  91

1. y values of first 6 examples in ROWS
2019   16.4   40   
3415   15.8   20   
3645   16.2   20   
4732   18.5   10   
2585   14.5   30   
2125   14.5   30   
2. y values of first 50 examples in ROWS
2019   16.4   40   
3415   15.8   20   
3645   16.2   20   
4732   18.5   10   
2585   14.5   30   
2125   14.5   30   
3158   19.5   20   
4294   16   10   
2300   14.5   30   
4615   14   10   
3530   20.1   30   
1937   14   30   
1975   19.4   40   
2189   18   30   
1850   13.8   40   
2587   16   20   
4499   12.5   10   
3630   17.7   20   
3245   15.4   20   
1845   15.3   30   
2126   17   30   
2500   15.1   40   
4376   15   10   
2565   13.6   30   
2957   17   20   
4380   12.1   20   
3449   10.5   20   
2830   15.9   20   
1755   16.9   40   
2045   18.5   30   
3140   13.6   20   
2150   14.9   30   
3830   15.2   20   
2391   15.5   30   
3570   12.8   20   
3265   18.2   20   
2868   15.5   20   
3664   11   10   
2434   15   40   
4906   12.5   10   
2288   17   30   
4457   13.5   10   
2634   13   20   
3365   15.5   20   
2910   11.4   30   
3563   10   20   
3399   11   20   
2395   16   20   
2051   17   30   
2984   14.5   20   
3. sort rows based on distance to heaven
2130   24.6   40   

4. rand: y values of centroid of (from DARK, select BUDGET0+i rows at random)
2975.20   15.84   22.00   
2993.50   17.57   21.67   
2962.00   17.03   24.29   
3102.00   14.25   25.00   
2735.89   15.34   27.78   
2895.90   16.06   25.00   
3127.27   14.66   21.82   
2870.50   16.44   26.67   
3164.15   14.81   22.31   
2868.86   16.01   23.57   
5. mid, y values of centroid of SELECTED
2959.22   15.58   23.94   
4113.55   12.89   14.90   
4116.34   12.92   15.11   
2946.37   15.61   24.11   
2943.91   15.61   24.12   
2945.76   15.61   24.10   
4113.72   12.90   15.05   
4113.43   12.89   15.00   
2942.42   15.61   24.08   
2945.05   15.62   24.07   
6. y values of first row in BEST
2408   19   20   
3840   15.4   20   
3940   13   20   
2694   15   20   
3897   18.5   20   
2234   12.5   30   
4360   14.9   20   
4140   13.7   20   
1613   18   40   
1940   14.5   30   

Iteration 8 : 

Current random seed:  1

1. y values of first 6 examples in ROWS
2795   15.7   20   
3365   15.5   20   
1835   17.3   40   
3193   17.8   20   
2830   15.9   20   
1773   19   30   
2. y values of first 50 examples in ROWS
2795   15.7   20   
3365   15.5   20   
1835   17.3   40   
3193   17.8   20   
2830   15.9   20   
1773   19   30   
1995   16.2   40   
2210   14.4   30   
1985   16   30   
2220   16.9   30   
4209   12   10   
3459   16   20   
2910   11.4   30   
3525   19   20   
2930   13.8   20   
1937   14.2   30   
3282   15   20   
2380   20.7   30   
3725   13.4   20   
1945   16.8   30   
2158   15.5   20   
2188   15.8   30   
2587   16   20   
4363   13   10   
4054   14.3   20   
4080   13.7   20   
2542   17.5   30   
2019   16.4   40   
2379   16.5   20   
2582   14   20   
3870   15   10   
1985   16.4   30   
4100   13   10   
2288   17   30   
4380   12.1   20   
3892   12.5   20   
2464   15.5   30   
4735   11   10   
2155   16.4   30   
3160   19.6   30   
1875   16.4   40   
3651   17.7   20   
3672   11.5   10   
2155   14.8   30   
1985   21.5   40   
2434   15   40   
2202   15.3   30   
3730   19   20   
3039   15   20   
3205   11.2   20   
3. sort rows based on distance to heaven
2130   24.6   40   

4. rand: y values of centroid of (from DARK, select BUDGET0+i rows at random)
3464.40   16.04   18.00   
3581.17   14.88   20.00   
2966.14   16.19   24.29   
2925.62   17.19   27.50   
3157.56   15.33   22.22   
2613.40   15.64   29.00   
3338.91   14.65   21.82   
3267.75   16.63   22.50   
3422.08   15.49   17.69   
3011.29   15.43   23.57   
5. mid, y values of centroid of SELECTED
2966.22   15.58   23.92   
3182.42   16.19   20.99   
3181.40   16.19   21.00   
3177.11   16.19   21.01   
2962.58   15.57   23.93   
2961.54   15.57   23.94   
2963.64   15.58   23.93   
2965.74   15.57   23.91   
2966.69   15.58   23.92   
2966.85   15.57   23.92   
6. y values of first row in BEST
1937   14.2   30   
3158   19.5   20   
3264   16   20   
3520   16.4   20   
2678   16.5   30   
3365   15.5   20   
2150   14.9   30   
2155   16.4   30   
3897   18.5   20   
2600   12.8   20   

Iteration 9 : 

Current random seed:  85

1. y values of first 6 examples in ROWS
1867   19.5   30   
4498   14.5   20   
2660   14   20   
2648   15   20   
1965   15   40   
2640   18.6   30   
2. y values of first 50 examples in ROWS
1867   19.5   30   
4498   14.5   20   
2660   14   20   
2648   15   20   
1965   15   40   
2640   18.6   30   
4735   11   10   
4633   11   10   
2226   16.5   20   
2740   16   20   
3288   15.5   20   
2025   18.2   40   
2464   15.5   30   
2155   16.5   30   
2745   16.7   20   
4499   12.5   10   
2000   16   30   
3070   16.7   20   
4440   14   20   
2189   18   30   
4257   15.5   10   
1965   15.7   30   
3785   19   20   
2720   13.5   20   
3302   15.5   20   
3651   17.7   20   
3892   12.5   20   
1649   16.5   30   
3230   20.4   30   
1995   16.2   40   
3574   21   20   
2020   19.2   30   
4955   11.5   10   
2855   17.6   20   
4042   14.5   10   
3278   18   20   
2130   14.5   30   
2120   15.5   30   
3425   16.9   20   
2135   16.6   30   
2592   18.5   20   
3725   13.4   20   
2265   18.2   30   
3530   20.1   30   
3433   12   20   
2051   17   30   
3940   13   20   
2278   15.5   20   
1963   15.5   30   
3465   16.6   20   
3. sort rows based on distance to heaven
2130   24.6   40   

4. rand: y values of centroid of (from DARK, select BUDGET0+i rows at random)
3264.20   13.54   22.00   
3337.17   14.50   20.00   
2767.86   14.96   27.14   
2518.88   14.58   25.00   
2753.33   18.06   26.67   
3294.40   15.48   20.00   
3312.73   14.34   21.82   
3063.25   16.68   21.67   
2898.38   16.42   24.62   
2890.50   14.98   21.43   
5. mid, y values of centroid of SELECTED
2962.71   15.57   23.92   
2960.74   15.58   23.93   
2959.55   15.59   23.94   
2961.64   15.58   23.92   
2832.34   15.97   24.38   
2966.48   15.59   23.87   
2967.99   15.57   23.85   
2967.60   15.57   23.86   
2967.01   15.57   23.87   
2970.06   15.56   23.85   
6. y values of first row in BEST
2350   16.8   30   
3430   17.2   20   
3630   17.7   20   
2145   18   30   
1800   14.4   40   
2246   14   30   
2380   20.7   30   
3121   16.5   20   
3193   17.8   20   
1795   17.4   30   

Iteration 10 : 

Current random seed:  21

1. y values of first 6 examples in ROWS
2648   15   20   
2702   13.5   20   
1968   18.8   40   
3415   15.8   20   
2075   15.9   30   
2205   14.5   40   
2. y values of first 50 examples in ROWS
2648   15   20   
2702   13.5   20   
1968   18.8   40   
3415   15.8   20   
2075   15.9   30   
2205   14.5   40   
2565   13.6   30   
3820   16.7   20   
2575   16.2   30   
1937   14   30   
2310   18.5   20   
4054   14.3   20   
2745   16.7   20   
3278   18   20   
3962   13.9   20   
2962   13.5   20   
2246   14   30   
4295   14.9   20   
4360   14.9   20   
2720   13.5   20   
2740   16   20   
2434   15   40   
2130   14.5   30   
1835   17.3   40   
3693   11.5   20   
3245   15.4   20   
2220   16.9   30   
2735   18   30   
4456   13.5   10   
3021   16.5   20   
3282   15   20   
2957   17   20   
2910   11.4   30   
3102   16.5   20   
2660   14   20   
2670   16   30   
3777   12.5   20   
2904   16   20   
1985   16.4   30   
2572   14.9   30   
2855   17.6   20   
2160   14.5   40   
2171   16   30   
3785   19   20   
4220   11.1   20   
3233   15.4   20   
1985   21.5   40   
2190   14.1   30   
2945   16   20   
2215   14.9   30   
3. sort rows based on distance to heaven
2130   24.6   40   

4. rand: y values of centroid of (from DARK, select BUDGET0+i rows at random)
2990.60   15.56   20.00   
2913.67   16.53   25.00   
2704.86   15.44   24.29   
2353.38   17.25   28.75   
2941.89   14.51   23.33   
3329.20   14.68   20.00   
2532.45   15.44   25.45   
2946.58   15.43   22.50   
2911.62   15.02   25.38   
2964.07   16.27   24.29   
5. mid, y values of centroid of SELECTED
2964.20   15.56   23.89   
3190.28   16.17   20.99   
2964.63   15.55   23.89   
2964.57   15.55   23.89   
2965.42   15.54   23.87   
2968.32   15.53   23.86   
2968.67   15.53   23.87   
2966.85   15.54   23.90   
4123.40   12.97   15.00   
2964.14   15.55   23.93   
6. y values of first row in BEST
2635   16.4   30   
3432   21   20   
1975   15.2   30   
3021   16.5   20   
2635   18.3   30   
1836   21   30   
2833   15.5   20   
3785   19   20   
4135   13.5   20   
2126   17   30   

Iteration 11 : 

Current random seed:  43

1. y values of first 6 examples in ROWS
3155   18.2   20   
1925   14   30   
4325   12.2   20   
1613   18   40   
2720   13.5   20   
2155   16.5   30   
2. y values of first 50 examples in ROWS
3155   18.2   20   
1925   14   30   
4325   12.2   20   
1613   18   40   
2720   13.5   20   
2155   16.5   30   
2735   18   30   
2130   14.5   30   
2670   15   30   
4951   11   10   
2950   19.9   40   
3530   20.1   30   
3840   15.4   20   
2868   15.5   20   
4633   11   10   
2190   14.2   30   
3420   22.2   20   
2401   19.5   20   
3725   13.4   20   
2230   14.5   30   
3140   13.6   20   
3880   12.5   20   
2330   13.5   20   
2372   15   20   
1985   19.4   30   
2830   15.9   20   
2807   13.5   20   
3190   24.8   30   
2634   13   20   
2525   16   30   
2930   13.8   20   
2234   12.5   30   
5140   12   10   
3205   11.2   20   
1795   17.5   30   
2660   14   20   
2265   15.5   30   
2110   19.2   40   
4955   11.5   10   
3672   11.5   10   
3449   10.5   20   
2051   17   30   
4154   13.5   10   
4140   13.7   20   
2565   13.6   30   
4100   13   10   
2595   11.3   30   
2957   17   20   
2542   17.5   30   
2190   14.1   30   
3. sort rows based on distance to heaven
2130   24.6   40   

4. rand: y values of centroid of (from DARK, select BUDGET0+i rows at random)
3317.60   16.70   22.00   
2823.33   16.37   28.33   
2627.57   17.27   28.57   
3265.62   16.45   18.75   
2774.67   15.50   26.67   
2926.40   15.17   24.00   
3407.73   15.59   20.91   
3550.25   13.68   18.33   
2888.77   15.72   24.62   
2945.93   16.29   22.86   
5. mid, y values of centroid of SELECTED
2300.38   16.57   29.65   
2300.38   16.57   29.65   
2299.72   16.58   29.70   
2969.87   15.53   23.90   
2969.10   15.52   23.91   
2967.77   15.54   23.91   
2964.35   15.54   23.92   
2959.21   15.55   23.95   
2960.66   15.54   23.96   
2961.09   15.54   23.97   
6. y values of first row in BEST
2635   16.4   30   
2279   19   20   
2979   19.5   20   
2890   17.3   20   
3270   21.9   20   
2430   14.5   20   
3651   17.7   20   
3781   17   20   
2401   19.5   20   
2795   15.7   20   

Iteration 12 : 

Current random seed:  14

1. y values of first 6 examples in ROWS
2045   16.2   30   
2625   18.6   30   
3230   20.4   30   
1963   15.5   30   
2984   14.5   20   
2901   16   20   
2. y values of first 50 examples in ROWS
2045   16.2   30   
2625   18.6   30   
3230   20.4   30   
1963   15.5   30   
2984   14.5   20   
2901   16   20   
2125   14.5   30   
1950   19   30   
3574   21   20   
3060   17.1   20   
1970   17.6   30   
1965   15   40   
3605   15   20   
3850   8.5   20   
2065   14.5   30   
4220   11.1   20   
2130   14.5   30   
4380   12.1   20   
4955   11.5   10   
3085   17.6   20   
3900   17.4   20   
4376   15   10   
4502   13.5   10   
4082   13   20   
3302   15.5   20   
2395   18   30   
2074   19.5   30   
2123   14   30   
4668   11.5   20   
3570   12.8   20   
2255   17.7   30   
4098   14   10   
3892   12.5   20   
2500   15.1   40   
4096   13   10   
1800   14.4   40   
2957   17   20   
3233   15.4   20   
2065   17.8   30   
1915   14.4   40   
2130   14.7   40   
2489   15   20   
2300   14.5   30   
3021   16.5   20   
2910   11.4   30   
2234   12.5   30   
2003   19   30   
3288   15.5   20   
1755   16.9   40   
2408   19   20   
3. sort rows based on distance to heaven
2130   24.6   40   

4. rand: y values of centroid of (from DARK, select BUDGET0+i rows at random)
3305.20   15.66   20.00   
3160.83   15.53   23.33   
2813.71   16.39   25.71   
3313.12   15.26   21.25   
2954.22   17.04   23.33   
3033.20   16.13   24.00   
3396.09   14.98   19.09   
2439.92   15.97   26.67   
2713.69   15.13   26.92   
3061.64   14.84   22.86   
5. mid, y values of centroid of SELECTED
2306.95   16.56   29.65   
2306.95   16.56   29.65   
2959.61   15.57   23.98   
2961.68   15.57   23.97   
2960.55   15.59   23.98   
2961.63   15.58   23.99   
2962.95   15.58   23.97   
2962.96   15.59   23.98   
2965.50   15.59   23.97   
2967.65   15.59   23.93   
6. y values of first row in BEST
1990   17   30   
2254   23.5   20   
3003   20.1   20   
2155   14.8   30   
2830   15.9   20   
2545   17   20   
2451   16.5   30   
2220   14   20   
1990   14.9   30   
2144   14.7   40   

Iteration 13 : 

Current random seed:  35

1. y values of first 6 examples in ROWS
2815   14.5   20   
1613   18   40   
3840   15.4   20   
1649   16.5   30   
3430   17.2   20   
2542   17   30   
2. y values of first 50 examples in ROWS
2815   14.5   20   
1613   18   40   
3840   15.4   20   
1649   16.5   30   
3430   17.2   20   
2542   17   30   
2045   18.5   30   
1990   14.9   30   
2320   15.8   30   
4278   9.5   20   
4502   13.5   10   
2620   14.4   30   
3850   8.5   20   
3140   13.6   20   
3245   15.4   20   
3160   19.6   30   
2635   16.4   30   
2670   15   30   
2670   16   30   
2380   20.7   30   
4354   9   10   
2605   19.6   30   
2720   13.5   20   
3900   17.4   20   
3433   12   20   
2124   13.5   20   
2464   15.5   30   
2595   11.3   30   
2155   14.8   30   
2405   14.9   20   
2408   19   20   
1985   16.4   30   
3574   21   20   
2391   15.5   30   
2875   17   20   
2190   14.1   30   
2219   16.5   30   
2003   19   30   
2130   14.5   30   
1975   19.4   40   
2100   16.5   30   
2500   15.1   40   
4295   14.9   20   
3102   16.5   20   
3193   17.8   20   
2434   15   40   
2984   14.5   20   
2575   16.2   30   
3735   13.2   20   
2965   15.8   20   
3. sort rows based on distance to heaven
2130   24.6   40   

4. rand: y values of centroid of (from DARK, select BUDGET0+i rows at random)
3367.00   15.08   22.00   
3263.17   15.87   18.33   
3650.29   13.44   20.00   
2854.88   15.41   22.50   
2808.33   16.59   22.22   
2746.20   16.56   28.00   
2801.73   16.32   24.55   
3229.42   15.20   21.67   
2980.08   16.33   23.85   
2832.36   15.51   23.57   
5. mid, y values of centroid of SELECTED
2301.16   16.61   29.60   
2301.87   16.62   29.55   
2624.46   16.79   25.38   
2971.51   15.59   23.87   
2972.28   15.59   23.86   
2974.67   15.59   23.84   
2973.12   15.57   23.85   
2972.40   15.56   23.83   
2972.32   15.54   23.84   
2974.17   15.54   23.83   
6. y values of first row in BEST
1990   14.9   30   
2160   14.5   40   
2755   15.8   30   
2408   19   20   
2670   15   30   
2046   19   30   
3574   21   20   
3250   21.8   30   
3003   20.1   20   
2264   15.5   30   

Iteration 14 : 

Current random seed:  42

1. y values of first 6 examples in ROWS
2189   18   30   
3672   11.5   20   
3651   17.7   20   
2830   15.9   20   
1835   20.5   30   
2740   16   20   
2. y values of first 50 examples in ROWS
2189   18   30   
3672   11.5   20   
3651   17.7   20   
2830   15.9   20   
1835   20.5   30   
2740   16   20   
3233   15.4   20   
2984   14.5   20   
2391   15.5   30   
1937   14   30   
2815   14.5   20   
2711   15.5   30   
4209   12   10   
2190   14.1   30   
1795   17.4   30   
1613   18   40   
4129   13   10   
2158   15.5   20   
4215   13   20   
3693   11.5   20   
2640   18.6   30   
3360   16.6   20   
2265   15.5   30   
4278   9.5   20   
4952   11.5   10   
4295   14.9   20   
2254   23.5   20   
4376   15   10   
1915   14.4   40   
1836   21   30   
1975   19.4   40   
1963   15.5   30   
2755   15.8   30   
2905   14.3   20   
3850   8.5   20   
4312   8.5   10   
2395   18   30   
2585   14.5   30   
3892   12.5   20   
2300   15.5   30   
3015   17   40   
1800   16.4   40   
2375   17.5   30   
2019   16.4   40   
3940   13.2   10   
1925   14   30   
2720   15.4   30   
3140   13.6   20   
2000   16   30   
3381   18.7   20   
3. sort rows based on distance to heaven
2130   24.6   40   

4. rand: y values of centroid of (from DARK, select BUDGET0+i rows at random)
2895.80   15.86   24.00   
3031.17   17.40   23.33   
2965.00   15.71   25.71   
2397.00   16.39   27.50   
2892.89   15.30   22.22   
2870.30   15.51   27.00   
2741.73   15.42   26.36   
2874.83   15.59   24.17   
3123.00   16.16   23.85   
3126.00   14.79   22.14   
5. mid, y values of centroid of SELECTED
2967.36   15.56   23.86   
2965.17   15.56   23.87   
2964.39   15.55   23.88   
2960.91   15.56   23.89   
4115.31   12.95   14.75   
2960.53   15.56   23.88   
2958.31   15.55   23.89   
4114.55   12.95   14.69   
2955.19   15.56   23.91   
2957.10   15.56   23.90   
6. y values of first row in BEST
2464   15.5   30   
3035   20.5   20   
3270   21.9   20   
3425   16.9   20   
3830   15.2   20   
1990   17   30   
3820   16.7   20   
4080   13.7   20   
2933   14.5   20   
2219   16.5   30   

Iteration 15 : 

Current random seed:  32

1. y values of first 6 examples in ROWS
2984   14.5   20   
2380   20.7   30   
2130   14.5   30   
1980   15.3   40   
2391   15.5   30   
1850   13.8   40   
2. y values of first 50 examples in ROWS
2984   14.5   20   
2380   20.7   30   
2130   14.5   30   
1980   15.3   40   
2391   15.5   30   
1850   13.8   40   
1975   19.4   40   
2420   12.5   20   
2045   16.2   30   
3140   13.6   20   
3574   21   20   
2665   13.9   30   
4363   13   10   
3535   19.2   20   
3725   19   30   
3086   10   10   
4190   13   20   
1990   17   30   
2671   13.5   30   
4165   11.4   20   
1825   18.6   40   
4638   16   10   
2125   14.7   40   
3840   15.4   20   
3632   18   20   
1875   16.4   40   
4129   13   10   
2930   13.8   20   
2900   12.6   30   
3035   20.5   20   
2500   15.1   40   
2190   14.2   30   
1975   15.2   30   
3630   17.7   20   
3353   14.5   20   
3003   20.1   20   
3264   16   20   
1915   14.4   40   
1950   19   30   
3150   15.7   20   
2130   14.5   30   
3302   15.5   20   
2625   18.6   30   
2220   14   20   
2375   17.5   30   
3415   15.8   20   
3445   13.4   20   
2223   16.5   30   
1845   15.3   30   
2875   17   20   
3. sort rows based on distance to heaven
2130   24.6   40   

4. rand: y values of centroid of (from DARK, select BUDGET0+i rows at random)
3262.00   12.88   18.00   
3278.17   14.57   20.00   
3213.86   14.39   17.14   
3241.38   15.28   22.50   
2380.33   15.38   33.33   
2813.70   15.74   24.00   
2926.55   16.03   24.55   
2738.08   17.89   24.17   
2829.92   16.04   28.46   
2320.36   17.00   30.00   
5. mid, y values of centroid of SELECTED
2310.10   16.60   29.45   
2971.99   15.58   23.84   
2974.50   15.58   23.83   
2975.67   15.58   23.84   
2978.04   15.58   23.82   
2980.12   15.58   23.80   
2982.99   15.57   23.79   
2979.55   15.58   23.82   
2978.57   15.58   23.83   
2980.85   15.58   23.82   
6. y values of first row in BEST
1968   18.8   40   
2003   19   30   
1990   17   30   
2556   13.2   30   
2051   17   30   
2171   16   30   
1867   19.5   30   
2515   14.8   20   
3360   16.6   20   
2100   16.5   30   

Iteration 16 : 

Current random seed:  29

1. y values of first 6 examples in ROWS
2254   23.5   20   
4363   13   10   
3086   10   10   
3830   15.2   20   
2255   17.7   30   
4440   14   20   
2. y values of first 50 examples in ROWS
2254   23.5   20   
4363   13   10   
3086   10   10   
3830   15.2   20   
2255   17.7   30   
4440   14   20   
1950   21   30   
2910   11.4   30   
2625   18.6   30   
1875   16.4   40   
3445   13.4   20   
2930   15.5   20   
1985   16.4   30   
1834   19   30   
2330   13.5   20   
3613   16.5   20   
4295   14.9   20   
3645   16.2   20   
2556   13.2   30   
2542   17   30   
4325   12.2   20   
2408   19.5   20   
2385   12.9   30   
2265   15.5   30   
2890   17.3   20   
1970   17.6   30   
3821   11   10   
2990   18.2   20   
3205   11.2   20   
2720   13.5   20   
4055   12   10   
3150   15.7   20   
2120   15.5   30   
3955   13.2   20   
3880   12.5   20   
2265   15.2   30   
2125   14.7   40   
3907   21   20   
3221   13.5   20   
2300   15.5   30   
1985   19.4   30   
2490   15.7   30   
2401   19.5   20   
3609   8   10   
2745   16.7   20   
3211   17   20   
2735   18   30   
4237   14.5   10   
1968   18.8   40   
3102   16.5   20   
3. sort rows based on distance to heaven
2130   24.6   40   

4. rand: y values of centroid of (from DARK, select BUDGET0+i rows at random)
3078.20   14.92   26.00   
3489.33   13.48   20.00   
3216.57   14.36   22.86   
3374.75   14.97   22.50   
2812.56   15.56   23.33   
2477.60   17.03   26.00   
2770.36   15.17   26.36   
2754.17   16.12   26.67   
2777.54   15.90   25.38   
2894.71   16.93   23.57   
5. mid, y values of centroid of SELECTED
2966.52   15.58   23.91   
2968.46   15.59   23.87   
2965.03   15.61   23.90   
2966.11   15.60   23.89   
2966.96   15.59   23.87   
2970.08   15.59   23.83   
2971.99   15.59   23.81   
4111.67   13.07   15.15   
2971.16   15.61   23.83   
2971.26   15.61   23.84   
6. y values of first row in BEST
2255   17.7   30   
2205   14.5   40   
2990   18.2   20   
2542   17.5   30   
2635   18.3   30   
1755   16.9   40   
2228   14   30   
3821   11   10   
1990   14.9   30   
2933   14.5   20   

Iteration 17 : 

Current random seed:  40

1. y values of first 6 examples in ROWS
2615   14.8   30   
2890   17.3   20   
4464   11.5   10   
2210   14.4   30   
2295   11.6   30   
2110   17.9   50   
2. y values of first 50 examples in ROWS
2615   14.8   30   
2890   17.3   20   
4464   11.5   10   
2210   14.4   30   
2295   11.6   30   
2110   17.9   50   
1850   13.8   40   
4220   11.1   20   
2171   16   30   
3445   13.4   20   
4165   11.4   20   
4654   13   10   
2420   12.5   20   
2158   15.5   20   
2335   23.7   40   
1975   19.4   40   
2219   16.5   30   
3630   17.7   20   
4457   13.5   10   
2278   15.5   20   
2515   14.8   20   
2320   15.8   30   
3015   17   40   
1755   16.9   40   
3329   15.5   20   
2189   18   30   
4732   18.5   10   
3003   20.1   20   
1825   18.6   40   
1835   17.3   40   
4997   14   10   
2379   16.5   20   
2434   15   40   
2230   14.5   30   
1985   19.4   30   
3900   17.4   20   
2900   12.6   30   
2914   16   20   
2595   11.3   30   
1915   14.4   40   
2870   18.1   30   
2065   17.8   30   
2875   17   20   
2234   12.5   30   
2451   16.5   30   
4140   13.7   20   
2125   14.7   40   
2464   15.5   30   
2745   16.7   20   
2035   22.2   30   
3. sort rows based on distance to heaven
2130   24.6   40   

4. rand: y values of centroid of (from DARK, select BUDGET0+i rows at random)
3112.80   15.48   24.00   
3099.83   14.55   21.67   
3241.43   15.90   25.71   
2382.00   16.79   28.75   
2734.78   16.02   28.89   
2526.70   14.58   30.00   
3039.27   14.57   25.45   
3289.42   16.51   24.17   
2790.38   14.62   25.38   
2859.57   15.41   23.57   
5. mid, y values of centroid of SELECTED
2954.37   15.61   23.94   
2951.48   15.62   23.95   
4089.71   12.99   15.00   
4089.17   12.98   14.95   
2946.50   15.63   24.01   
2945.37   15.62   24.02   
4083.01   12.99   14.89   
2942.04   15.63   23.98   
2943.67   15.63   23.97   
2944.92   15.63   23.95   
6. y values of first row in BEST
2126   17   30   
1975   15.2   30   
4080   13.7   20   
4141   14   20   
2489   15   20   
3381   18.7   20   
4325   12.2   20   
2500   15.1   40   
2320   15.8   30   
2464   15.5   30   

Iteration 18 : 

Current random seed:  63

1. y values of first 6 examples in ROWS
2164   15   30   
4464   12   10   
3785   19   20   
2288   17   30   
4135   13.5   20   
4498   14.5   20   
2. y values of first 50 examples in ROWS
2164   15   30   
4464   12   10   
3785   19   20   
2288   17   30   
4135   13.5   20   
4498   14.5   20   
3250   21.8   30   
3605   15   20   
2020   19.2   30   
4615   14   10   
2740   16   20   
2990   18.2   20   
2123   14   30   
4638   16   10   
2720   15.4   30   
2904   16   20   
2430   14.5   20   
1968   18.8   40   
4215   13   20   
2155   16.4   30   
2930   15.5   20   
3190   24.8   30   
2046   19   30   
3425   13.2   20   
1800   14.4   40   
2130   14.5   30   
4335   14.5   20   
2565   13.6   30   
3211   17   20   
2640   18.6   30   
1875   16.4   40   
3102   16.5   20   
3329   15.5   20   
1955   20.5   30   
2045   18.5   30   
2120   15.5   30   
2226   16.5   20   
2395   18   30   
1937   14   30   
2219   16.5   30   
3060   17.1   20   
2572   14.9   30   
2155   16.5   30   
1834   19   30   
1836   21   30   
2350   16.8   30   
4376   15   10   
2962   13.5   20   
3085   17.6   20   
4951   11   10   
3. sort rows based on distance to heaven
2130   24.6   40   

4. rand: y values of centroid of (from DARK, select BUDGET0+i rows at random)
2393.40   16.46   26.00   
2940.00   15.82   23.33   
2578.57   15.56   27.14   
3166.62   14.94   22.50   
3100.00   15.06   22.22   
3298.50   13.77   19.00   
3065.09   14.59   24.55   
2980.50   14.98   25.00   
3253.46   14.74   23.08   
3162.43   15.46   22.14   
5. mid, y values of centroid of SELECTED
2308.89   16.59   29.55   
2309.11   16.60   29.55   
2976.49   15.56   23.83   
2978.24   15.55   23.81   
2977.33   15.55   23.82   
2979.66   15.54   23.78   
3200.07   16.31   20.88   
2981.13   15.55   23.77   
2982.40   15.55   23.76   
2983.64   15.55   23.77   
6. y values of first row in BEST
2100   16.5   30   
2264   15.5   30   
2265   15.2   30   
2290   17   30   
2408   19.5   20   
2070   18.6   40   
2900   12.6   30   
2489   15   20   
2490   15.7   30   
2506   14.5   20   

Iteration 19 : 

Current random seed:  45

1. y values of first 6 examples in ROWS
2385   12.9   30   
2870   18.1   30   
2395   16   20   
2490   15.7   30   
2295   11.6   30   
3830   15.2   20   
2. y values of first 50 examples in ROWS
2385   12.9   30   
2870   18.1   30   
2395   16   20   
2490   15.7   30   
2295   11.6   30   
3830   15.2   20   
3785   19   20   
2335   23.7   40   
2635   16.4   30   
2565   13.6   30   
2625   18.6   30   
4140   13.7   20   
2200   13.2   30   
2430   14.5   20   
3432   21   20   
2120   15.5   30   
1915   14.4   40   
4220   11.1   20   
2600   12.8   20   
1950   21   30   
4237   14.5   10   
1985   16.4   30   
1825   18.6   40   
4360   14.9   20   
2933   14.5   20   
2300   14.5   30   
3270   21.9   20   
2265   18.2   30   
2542   17   30   
3302   15.5   20   
2320   15.8   30   
4278   9.5   20   
1795   17.4   30   
2670   16   30   
3193   17.8   20   
2542   17.5   30   
2990   18.2   20   
2910   11.4   30   
4154   13.5   10   
4955   11.5   10   
2379   16.5   20   
4082   13   20   
3360   16.6   20   
2085   21.7   40   
1835   20.5   30   
3880   12.5   20   
2582   14   20   
2556   13.2   30   
2245   16.9   30   
4657   13.5   10   
3. sort rows based on distance to heaven
2130   24.6   40   

4. rand: y values of centroid of (from DARK, select BUDGET0+i rows at random)
3077.60   16.52   26.00   
3660.67   15.82   20.00   
2663.00   15.61   24.29   
2781.88   15.87   26.25   
2755.89   16.37   25.56   
2628.70   17.78   25.00   
2354.64   16.28   28.18   
2789.42   14.16   25.83   
3407.00   14.58   22.31   
2356.36   16.39   28.57   
5. mid, y values of centroid of SELECTED
2956.75   15.57   23.95   
2956.01   15.57   23.96   
3185.94   16.23   20.99   
2954.01   15.57   23.98   
2954.91   15.56   23.96   
2961.93   15.53   23.86   
2959.81   15.52   23.87   
2960.78   15.52   23.85   
2960.07   15.52   23.86   
2955.63   15.53   23.87   
6. y values of first row in BEST
2050   17.3   40   
3190   24.8   30   
3525   19   20   
2865   16.4   20   
2605   19.6   30   
3245   15.4   20   
3785   19   20   
2585   14.5   30   
3233   15.4   20   
3820   16.7   20   
