
|..
|.. |..
|.. |.. |..
|.. |.. |.. |.. 	{3.88, 88.88, 0, 75.35, 3, 2084.81, 17.11, 28.85}
|.. |.. |.. |.. 	{3.96, 92.48, 0, 80.84, 3, 2066.88, 16.51, 35.2}
|.. |.. |..
|.. |.. |.. |.. 	{4.0, 126.46, 0, 81.62, 1, 2519.62, 16.43, 30.38}
|.. |.. |.. |.. 	{4.58, 133.62, 0, 78.17, 3, 2600.79, 14.87, 26.25}
|.. |..
|.. |.. |..
|.. |.. |.. |.. 	{4.08, 123.77, 0, 78.73, 1, 2444.15, 16.5, 30.0}
|.. |.. |.. |.. 	{4.25, 111.54, 0, 77.46, 2, 2435.12, 17.24, 32.08}
|.. |.. |..
|.. |.. |.. |.. 	{4.12, 107.84, 0, 76.0, 2, 2443.88, 15.74, 26.8}
|.. |.. |.. |.. 	{4.0, 103.46, 0, 71.96, 2, 2294.46, 16.81, 26.25}
|..
|.. |..
|.. |.. |..
|.. |.. |.. |.. 	{6.38, 232.85, 0, 79.31, 1, 3264.85, 16.25, 21.92}
|.. |.. |.. |.. 	{6.0, 235.2, 0, 75.88, 1, 3394.68, 17.63, 20.0}
|.. |.. |..
|.. |.. |.. |.. 	{4.24, 130.42, 0, 73.48, 1, 2421.16, 17.03, 24.4}
|.. |.. |.. |.. 	{6.0, 229.17, 0, 72.04, 1, 3083.75, 15.69, 20.0}
|.. |..
|.. |.. |..
|.. |.. |.. |.. 	{8.0, 320.88, 0, 77.42, 1, 3932.58, 13.9, 18.85}
|.. |.. |.. |.. 	{8.0, 364.29, 0, 74.17, 1, 4442.29, 12.73, 12.92}
|.. |.. |..
|.. |.. |.. |.. 	{8.0, 319.24, 0, 71.72, 1, 3945.8, 12.86, 14.0}
|.. |.. |.. |.. 	{8.0, 392.61, 0, 70.87, 1, 4281.26, 11.35, 12.17}

                {5.45, 193.43, 0, 76.01, 1, 2970.42, 15.57, 23.84}
                _{Clndrs, Volume, HpX, Model, origin, Lbs-, Acc+, Mpg+}
evals:  16
